  [1m[35m (1.1ms)[0m  [1m[35mCREATE DATABASE "tunr_app_api_development" ENCODING = 'unicode'[0m
  [1m[35m (0.9ms)[0m  [1m[35mCREATE DATABASE "tunr_app_api_test" ENCODING = 'unicode'[0m
  [1m[35m (0.3ms)[0m  [1m[34mSELECT pg_try_advisory_lock(1874975070089793210)[0m
  [1m[35m (1.7ms)[0m  [1m[34mSELECT "schema_migrations"."version" FROM "schema_migrations" ORDER BY "schema_migrations"."version" ASC[0m
Migrating to CreateSongs (20210226164811)
  [1m[36mTRANSACTION (0.3ms)[0m  [1m[35mBEGIN[0m
  [1m[35m (23.0ms)[0m  [1m[35mCREATE TABLE "songs" ("id" bigserial primary key, "title" character varying, "artist" character varying, "time" character varying, "created_at" timestamp(6) NOT NULL, "updated_at" timestamp(6) NOT NULL)[0m
  [1m[36mTRANSACTION (0.2ms)[0m  [1m[31mROLLBACK[0m
  [1m[35m (0.5ms)[0m  [1m[34mSELECT pg_advisory_unlock(1874975070089793210)[0m
  [1m[35m (1.8ms)[0m  [1m[34mSELECT "schema_migrations"."version" FROM "schema_migrations" ORDER BY "schema_migrations"."version" ASC[0m
  [1m[35m (0.4ms)[0m  [1m[34mSELECT pg_try_advisory_lock(1874975070089793210)[0m
  [1m[35m (1.4ms)[0m  [1m[34mSELECT "schema_migrations"."version" FROM "schema_migrations" ORDER BY "schema_migrations"."version" ASC[0m
Migrating to CreateSongs (20210226164811)
  [1m[36mTRANSACTION (0.2ms)[0m  [1m[35mBEGIN[0m
  [1m[35m (22.8ms)[0m  [1m[35mCREATE TABLE "songs" ("id" bigserial primary key, "title" character varying, "artist" character varying, "time" character varying, "created_at" timestamp(6) NOT NULL, "updated_at" timestamp(6) NOT NULL)[0m
  [1m[36mTRANSACTION (0.2ms)[0m  [1m[31mROLLBACK[0m
  [1m[35m (0.4ms)[0m  [1m[34mSELECT pg_advisory_unlock(1874975070089793210)[0m
  [1m[35m (0.4ms)[0m  [1m[34mSELECT pg_try_advisory_lock(1874975070089793210)[0m
  [1m[35m (1.4ms)[0m  [1m[34mSELECT "schema_migrations"."version" FROM "schema_migrations" ORDER BY "schema_migrations"."version" ASC[0m
Migrating to CreateSongs (20210226164811)
  [1m[36mTRANSACTION (0.3ms)[0m  [1m[35mBEGIN[0m
  [1m[35m (6.2ms)[0m  [1m[35mCREATE TABLE "songs" ("id" bigserial primary key, "title" character varying, "artist" character varying, "time" character varying, "created_at" timestamp(6) NOT NULL, "updated_at" timestamp(6) NOT NULL)[0m
  [1m[36mTRANSACTION (0.2ms)[0m  [1m[31mROLLBACK[0m
  [1m[35m (0.5ms)[0m  [1m[34mSELECT pg_advisory_unlock(1874975070089793210)[0m
Started OPTIONS "//songs" for ::1 at 2021-02-26 10:54:05 -0600
  [1m[35m (1.6ms)[0m  [1m[34mSELECT "schema_migrations"."version" FROM "schema_migrations" ORDER BY "schema_migrations"."version" ASC[0m
  [1m[35mCACHE  (0.0ms)[0m  [1m[34mSELECT "schema_migrations"."version" FROM "schema_migrations" ORDER BY "schema_migrations"."version" ASC[0m
  
ActiveRecord::PendingMigrationError (

Migrations are pending. To resolve this issue, run:

        bin/rails db:migrate RAILS_ENV=development

You have 1 pending migration:

20210226164811_create_songs.rb


):
  
activerecord (6.1.3) lib/active_record/migration.rb:625:in `check_pending!'
activerecord (6.1.3) lib/active_record/migration.rb:590:in `block (2 levels) in call'
activesupport (6.1.3) lib/active_support/evented_file_update_checker.rb:59:in `execute'
activerecord (6.1.3) lib/active_record/migration.rb:595:in `block in call'
activerecord (6.1.3) lib/active_record/migration.rb:587:in `synchronize'
activerecord (6.1.3) lib/active_record/migration.rb:587:in `call'
actionpack (6.1.3) lib/action_dispatch/middleware/callbacks.rb:27:in `block in call'
activesupport (6.1.3) lib/active_support/callbacks.rb:98:in `run_callbacks'
actionpack (6.1.3) lib/action_dispatch/middleware/callbacks.rb:26:in `call'
actionpack (6.1.3) lib/action_dispatch/middleware/executor.rb:14:in `call'
actionpack (6.1.3) lib/action_dispatch/middleware/actionable_exceptions.rb:18:in `call'
actionpack (6.1.3) lib/action_dispatch/middleware/debug_exceptions.rb:29:in `call'
actionpack (6.1.3) lib/action_dispatch/middleware/show_exceptions.rb:33:in `call'
railties (6.1.3) lib/rails/rack/logger.rb:37:in `call_app'
railties (6.1.3) lib/rails/rack/logger.rb:26:in `block in call'
activesupport (6.1.3) lib/active_support/tagged_logging.rb:99:in `block in tagged'
activesupport (6.1.3) lib/active_support/tagged_logging.rb:37:in `tagged'
activesupport (6.1.3) lib/active_support/tagged_logging.rb:99:in `tagged'
railties (6.1.3) lib/rails/rack/logger.rb:26:in `call'
actionpack (6.1.3) lib/action_dispatch/middleware/remote_ip.rb:81:in `call'
actionpack (6.1.3) lib/action_dispatch/middleware/request_id.rb:26:in `call'
rack (2.2.3) lib/rack/runtime.rb:22:in `call'
activesupport (6.1.3) lib/active_support/cache/strategy/local_cache_middleware.rb:29:in `call'
actionpack (6.1.3) lib/action_dispatch/middleware/executor.rb:14:in `call'
actionpack (6.1.3) lib/action_dispatch/middleware/static.rb:24:in `call'
rack (2.2.3) lib/rack/sendfile.rb:110:in `call'
actionpack (6.1.3) lib/action_dispatch/middleware/host_authorization.rb:98:in `call'
railties (6.1.3) lib/rails/engine.rb:539:in `call'
puma (5.2.1) lib/puma/configuration.rb:247:in `call'
puma (5.2.1) lib/puma/request.rb:76:in `block in handle_request'
puma (5.2.1) lib/puma/thread_pool.rb:337:in `with_force_shutdown'
puma (5.2.1) lib/puma/request.rb:75:in `handle_request'
puma (5.2.1) lib/puma/server.rb:431:in `process_client'
puma (5.2.1) lib/puma/thread_pool.rb:145:in `block in spawn_thread'
  [1m[35m (0.3ms)[0m  [1m[34mSELECT pg_try_advisory_lock(1874975070089793210)[0m
  [1m[35m (1.2ms)[0m  [1m[34mSELECT "schema_migrations"."version" FROM "schema_migrations" ORDER BY "schema_migrations"."version" ASC[0m
Migrating to CreateSongs (20210226164811)
  [1m[36mTRANSACTION (0.2ms)[0m  [1m[35mBEGIN[0m
  [1m[35m (25.0ms)[0m  [1m[35mCREATE TABLE "songs" ("id" bigserial primary key, "title" character varying, "artist" character varying, "time" character varying, "created_at" timestamp(6) NOT NULL, "updated_at" timestamp(6) NOT NULL)[0m
  [1m[36mTRANSACTION (0.2ms)[0m  [1m[31mROLLBACK[0m
  [1m[35m (0.3ms)[0m  [1m[34mSELECT pg_advisory_unlock(1874975070089793210)[0m
  [1m[35m (0.3ms)[0m  [1m[34mSELECT pg_try_advisory_lock(1874975070089793210)[0m
  [1m[35m (1.3ms)[0m  [1m[34mSELECT "schema_migrations"."version" FROM "schema_migrations" ORDER BY "schema_migrations"."version" ASC[0m
  [1m[36mActiveRecord::InternalMetadata Load (0.7ms)[0m  [1m[34mSELECT "ar_internal_metadata".* FROM "ar_internal_metadata" WHERE "ar_internal_metadata"."key" = $1 LIMIT $2[0m  [["key", "environment"], ["LIMIT", 1]]
  [1m[35m (0.4ms)[0m  [1m[34mSELECT pg_advisory_unlock(1874975070089793210)[0m
  [1m[35m (1.3ms)[0m  [1m[34mSELECT "schema_migrations"."version" FROM "schema_migrations" ORDER BY "schema_migrations"."version" ASC[0m
  [1m[35m (0.3ms)[0m  [1m[34mSELECT pg_try_advisory_lock(1874975070089793210)[0m
  [1m[35m (1.0ms)[0m  [1m[34mSELECT "schema_migrations"."version" FROM "schema_migrations" ORDER BY "schema_migrations"."version" ASC[0m
  [1m[36mActiveRecord::InternalMetadata Load (0.6ms)[0m  [1m[34mSELECT "ar_internal_metadata".* FROM "ar_internal_metadata" WHERE "ar_internal_metadata"."key" = $1 LIMIT $2[0m  [["key", "environment"], ["LIMIT", 1]]
  [1m[35m (0.4ms)[0m  [1m[34mSELECT pg_advisory_unlock(1874975070089793210)[0m
  [1m[35m (1.1ms)[0m  [1m[34mSELECT "schema_migrations"."version" FROM "schema_migrations" ORDER BY "schema_migrations"."version" ASC[0m
Started OPTIONS "//songs" for ::1 at 2021-02-26 10:56:43 -0600
  [1m[35m (1.0ms)[0m  [1m[34mSELECT "schema_migrations"."version" FROM "schema_migrations" ORDER BY "schema_migrations"."version" ASC[0m
  
ActionController::RoutingError (No route matches [OPTIONS] "/songs"):
  
  [1m[35m (0.3ms)[0m  [1m[34mSELECT pg_try_advisory_lock(1874975070089793210)[0m
  [1m[35m (7.9ms)[0m  [1m[34mSELECT "schema_migrations"."version" FROM "schema_migrations" ORDER BY "schema_migrations"."version" ASC[0m
Migrating to CreateSongs (20210226172051)
  [1m[36mTRANSACTION (0.2ms)[0m  [1m[35mBEGIN[0m
  [1m[35m (27.7ms)[0m  [1m[35mCREATE TABLE "songs" ("id" bigserial primary key, "title" character varying, "artist" character varying, "time" character varying, "created_at" timestamp(6) NOT NULL, "updated_at" timestamp(6) NOT NULL)[0m
  [1m[36mTRANSACTION (0.2ms)[0m  [1m[31mROLLBACK[0m
  [1m[35m (0.4ms)[0m  [1m[34mSELECT pg_advisory_unlock(1874975070089793210)[0m
  [1m[35m (1.5ms)[0m  [1m[34mSELECT "schema_migrations"."version" FROM "schema_migrations" ORDER BY "schema_migrations"."version" ASC[0m
  [1m[35m (0.8ms)[0m  [1m[34mSELECT "ar_internal_metadata"."value" FROM "ar_internal_metadata" WHERE "ar_internal_metadata"."key" = $1[0m  [["key", "environment"]]
  [1m[35m (0.6ms)[0m  [1m[34mSELECT "schema_migrations"."version" FROM "schema_migrations" ORDER BY "schema_migrations"."version" ASC[0m
  [1m[35m (0.6ms)[0m  [1m[34mSELECT "ar_internal_metadata"."value" FROM "ar_internal_metadata" WHERE "ar_internal_metadata"."key" = $1[0m  [["key", "environment"]]
  [1m[35m (0.5ms)[0m  [1m[34mSELECT "schema_migrations"."version" FROM "schema_migrations" ORDER BY "schema_migrations"."version" ASC[0m
  [1m[35m (0.3ms)[0m  [1m[34mSELECT "ar_internal_metadata"."value" FROM "ar_internal_metadata" WHERE "ar_internal_metadata"."key" = $1[0m  [["key", "environment"]]
  [1m[35m (46.6ms)[0m  [1m[35mDROP DATABASE IF EXISTS "tunr_app_api_development"[0m
  [1m[35m (39.5ms)[0m  [1m[35mDROP DATABASE IF EXISTS "tunr_app_api_test"[0m
  [1m[35m (281.7ms)[0m  [1m[35mCREATE DATABASE "tunr_app_api_development" ENCODING = 'unicode'[0m
  [1m[35m (85.1ms)[0m  [1m[35mCREATE DATABASE "tunr_app_api_test" ENCODING = 'unicode'[0m
  [1m[35m (23.5ms)[0m  [1m[35mCREATE TABLE "schema_migrations" ("version" character varying NOT NULL PRIMARY KEY)[0m
  [1m[35m (20.7ms)[0m  [1m[35mCREATE TABLE "ar_internal_metadata" ("key" character varying NOT NULL PRIMARY KEY, "value" character varying, "created_at" timestamp(6) NOT NULL, "updated_at" timestamp(6) NOT NULL)[0m
  [1m[35m (0.3ms)[0m  [1m[34mSELECT pg_try_advisory_lock(1874975070089793210)[0m
  [1m[35m (0.8ms)[0m  [1m[34mSELECT "schema_migrations"."version" FROM "schema_migrations" ORDER BY "schema_migrations"."version" ASC[0m
Migrating to CreateSongs (20210226172051)
  [1m[36mTRANSACTION (0.2ms)[0m  [1m[35mBEGIN[0m
  [1m[35m (30.2ms)[0m  [1m[35mCREATE TABLE "songs" ("id" bigserial primary key, "title" character varying, "artist" character varying, "time" character varying, "created_at" timestamp(6) NOT NULL, "updated_at" timestamp(6) NOT NULL)[0m
  [1m[36mActiveRecord::SchemaMigration Create (1.2ms)[0m  [1m[32mINSERT INTO "schema_migrations" ("version") VALUES ($1) RETURNING "version"[0m  [["version", "20210226172051"]]
  [1m[36mTRANSACTION (0.6ms)[0m  [1m[35mCOMMIT[0m
  [1m[36mActiveRecord::InternalMetadata Load (0.9ms)[0m  [1m[34mSELECT "ar_internal_metadata".* FROM "ar_internal_metadata" WHERE "ar_internal_metadata"."key" = $1 LIMIT $2[0m  [["key", "environment"], ["LIMIT", 1]]
  [1m[36mTRANSACTION (0.2ms)[0m  [1m[35mBEGIN[0m
  [1m[36mActiveRecord::InternalMetadata Create (2.2ms)[0m  [1m[32mINSERT INTO "ar_internal_metadata" ("key", "value", "created_at", "updated_at") VALUES ($1, $2, $3, $4) RETURNING "key"[0m  [["key", "environment"], ["value", "development"], ["created_at", "2021-02-26 17:26:50.849699"], ["updated_at", "2021-02-26 17:26:50.849699"]]
  [1m[36mTRANSACTION (5.8ms)[0m  [1m[35mCOMMIT[0m
  [1m[35m (0.5ms)[0m  [1m[34mSELECT pg_advisory_unlock(1874975070089793210)[0m
  [1m[35m (1.8ms)[0m  [1m[34mSELECT "schema_migrations"."version" FROM "schema_migrations" ORDER BY "schema_migrations"."version" ASC[0m
Started GET "//songs" for ::1 at 2021-02-26 11:28:22 -0600
  [1m[35m (1.3ms)[0m  [1m[34mSELECT "schema_migrations"."version" FROM "schema_migrations" ORDER BY "schema_migrations"."version" ASC[0m
Processing by SongsController#index as */*
  [1m[36mSong Load (2.8ms)[0m  [1m[34mSELECT "songs".* FROM "songs"[0m
  ↳ app/controllers/songs_controller.rb:8:in `index'
Completed 200 OK in 26ms (Views: 4.2ms | ActiveRecord: 2.8ms | Allocations: 3741)


Started GET "//songs" for ::1 at 2021-02-26 11:28:24 -0600
Processing by SongsController#index as */*
  [1m[36mSong Load (8.8ms)[0m  [1m[34mSELECT "songs".* FROM "songs"[0m
  ↳ app/controllers/songs_controller.rb:8:in `index'
Completed 200 OK in 55ms (Views: 45.3ms | ActiveRecord: 8.8ms | Allocations: 635)


Started GET "//songs" for ::1 at 2021-02-26 11:28:25 -0600
Processing by SongsController#index as */*
  [1m[36mSong Load (0.8ms)[0m  [1m[34mSELECT "songs".* FROM "songs"[0m
  ↳ app/controllers/songs_controller.rb:8:in `index'
Completed 200 OK in 18ms (Views: 17.2ms | ActiveRecord: 0.8ms | Allocations: 633)


Started OPTIONS "//songs" for ::1 at 2021-02-26 11:28:35 -0600
  
ActionController::RoutingError (No route matches [OPTIONS] "/songs"):
  
Started GET "//songs" for ::1 at 2021-02-26 11:29:29 -0600
Processing by SongsController#index as */*
  [1m[36mSong Load (0.7ms)[0m  [1m[34mSELECT "songs".* FROM "songs"[0m
  ↳ app/controllers/songs_controller.rb:8:in `index'
Completed 200 OK in 35ms (Views: 33.5ms | ActiveRecord: 0.7ms | Allocations: 632)


Started GET "//songs" for ::1 at 2021-02-26 11:31:24 -0600
  [1m[35m (2.4ms)[0m  [1m[34mSELECT "schema_migrations"."version" FROM "schema_migrations" ORDER BY "schema_migrations"."version" ASC[0m
Processing by SongsController#index as */*
  [1m[36mSong Load (1.4ms)[0m  [1m[34mSELECT "songs".* FROM "songs"[0m
  ↳ app/controllers/songs_controller.rb:8:in `index'
Completed 200 OK in 19ms (Views: 3.4ms | ActiveRecord: 1.4ms | Allocations: 2834)


Started POST "//songs" for ::1 at 2021-02-26 11:31:37 -0600
Processing by SongsController#create as */*
  Parameters: {"title"=>"Sunflower", "artist"=>"Post Malone", "time"=>"2:38", "song"=>{"title"=>"Sunflower", "artist"=>"Post Malone", "time"=>"2:38"}}
  [1m[36mTRANSACTION (0.2ms)[0m  [1m[35mBEGIN[0m
  ↳ app/controllers/songs_controller.rb:20:in `create'
  [1m[36mSong Create (1.3ms)[0m  [1m[32mINSERT INTO "songs" ("title", "artist", "time", "created_at", "updated_at") VALUES ($1, $2, $3, $4, $5) RETURNING "id"[0m  [["title", "Sunflower"], ["artist", "Post Malone"], ["time", "2:38"], ["created_at", "2021-02-26 17:31:37.075841"], ["updated_at", "2021-02-26 17:31:37.075841"]]
  ↳ app/controllers/songs_controller.rb:20:in `create'
  [1m[36mTRANSACTION (0.5ms)[0m  [1m[35mCOMMIT[0m
  ↳ app/controllers/songs_controller.rb:20:in `create'
Completed 201 Created in 25ms (Views: 1.0ms | ActiveRecord: 13.8ms | Allocations: 4997)


Started GET "//songs" for ::1 at 2021-02-26 11:31:37 -0600
Processing by SongsController#index as */*
  [1m[36mSong Load (1.6ms)[0m  [1m[34mSELECT "songs".* FROM "songs"[0m
  ↳ app/controllers/songs_controller.rb:8:in `index'
Completed 200 OK in 6ms (Views: 3.6ms | ActiveRecord: 1.6ms | Allocations: 724)


Started DELETE "//songs/1" for ::1 at 2021-02-26 11:32:10 -0600
Processing by SongsController#destroy as */*
  Parameters: {"id"=>"1"}
  [1m[36mSong Load (0.7ms)[0m  [1m[34mSELECT "songs".* FROM "songs" WHERE "songs"."id" = $1 LIMIT $2[0m  [["id", 1], ["LIMIT", 1]]
  ↳ app/controllers/songs_controller.rb:44:in `set_song'
  [1m[36mTRANSACTION (0.2ms)[0m  [1m[35mBEGIN[0m
  ↳ app/controllers/songs_controller.rb:38:in `destroy'
  [1m[36mSong Destroy (0.7ms)[0m  [1m[31mDELETE FROM "songs" WHERE "songs"."id" = $1[0m  [["id", 1]]
  ↳ app/controllers/songs_controller.rb:38:in `destroy'
  [1m[36mTRANSACTION (5.6ms)[0m  [1m[35mCOMMIT[0m
  ↳ app/controllers/songs_controller.rb:38:in `destroy'
Completed 204 No Content in 31ms (ActiveRecord: 7.5ms | Allocations: 3268)


Started GET "//songs" for ::1 at 2021-02-26 11:32:10 -0600
Processing by SongsController#index as */*
  [1m[36mSong Load (0.6ms)[0m  [1m[34mSELECT "songs".* FROM "songs"[0m
  ↳ app/controllers/songs_controller.rb:8:in `index'
Completed 200 OK in 3ms (Views: 2.2ms | ActiveRecord: 0.6ms | Allocations: 613)


Started POST "//songs" for ::1 at 2021-02-26 11:32:23 -0600
Processing by SongsController#create as */*
  Parameters: {"title"=>"Sunflower", "artist"=>"Post Malone", "time"=>"2:38", "song"=>{"title"=>"Sunflower", "artist"=>"Post Malone", "time"=>"2:38"}}
  [1m[36mTRANSACTION (0.3ms)[0m  [1m[35mBEGIN[0m
  ↳ app/controllers/songs_controller.rb:20:in `create'
  [1m[36mSong Create (1.6ms)[0m  [1m[32mINSERT INTO "songs" ("title", "artist", "time", "created_at", "updated_at") VALUES ($1, $2, $3, $4, $5) RETURNING "id"[0m  [["title", "Sunflower"], ["artist", "Post Malone"], ["time", "2:38"], ["created_at", "2021-02-26 17:32:23.394015"], ["updated_at", "2021-02-26 17:32:23.394015"]]
  ↳ app/controllers/songs_controller.rb:20:in `create'
  [1m[36mTRANSACTION (1.1ms)[0m  [1m[35mCOMMIT[0m
  ↳ app/controllers/songs_controller.rb:20:in `create'
Completed 201 Created in 29ms (Views: 0.8ms | ActiveRecord: 3.0ms | Allocations: 1828)


Started GET "//songs" for ::1 at 2021-02-26 11:32:23 -0600
Processing by SongsController#index as */*
  [1m[36mSong Load (0.5ms)[0m  [1m[34mSELECT "songs".* FROM "songs"[0m
  ↳ app/controllers/songs_controller.rb:8:in `index'
Completed 200 OK in 4ms (Views: 3.1ms | ActiveRecord: 0.5ms | Allocations: 713)


Started GET "//songs" for ::1 at 2021-02-26 11:35:10 -0600
Processing by SongsController#index as */*
  [1m[36mSong Load (0.7ms)[0m  [1m[34mSELECT "songs".* FROM "songs"[0m
  ↳ app/controllers/songs_controller.rb:8:in `index'
Completed 200 OK in 19ms (Views: 17.7ms | ActiveRecord: 0.7ms | Allocations: 711)


Started GET "//songs" for ::1 at 2021-02-26 11:35:14 -0600
Processing by SongsController#index as */*
  [1m[36mSong Load (3.5ms)[0m  [1m[34mSELECT "songs".* FROM "songs"[0m
  ↳ app/controllers/songs_controller.rb:8:in `index'
Completed 200 OK in 40ms (Views: 35.9ms | ActiveRecord: 3.5ms | Allocations: 712)


Started GET "//songs" for ::1 at 2021-02-26 11:36:08 -0600
Processing by SongsController#index as */*
  [1m[36mSong Load (2.4ms)[0m  [1m[34mSELECT "songs".* FROM "songs"[0m
  ↳ app/controllers/songs_controller.rb:8:in `index'
Completed 200 OK in 14ms (Views: 11.7ms | ActiveRecord: 2.4ms | Allocations: 711)


Started GET "//songs" for ::1 at 2021-02-26 11:36:22 -0600
Processing by SongsController#index as */*
  [1m[36mSong Load (1.1ms)[0m  [1m[34mSELECT "songs".* FROM "songs"[0m
  ↳ app/controllers/songs_controller.rb:8:in `index'
Completed 200 OK in 11ms (Views: 9.5ms | ActiveRecord: 1.1ms | Allocations: 732)


Started POST "//songs" for ::1 at 2021-02-26 11:37:20 -0600
Processing by SongsController#create as */*
  Parameters: {"title"=>"Reckless", "artist"=>"Avery Wilson", "time"=>"3:14", "song"=>{"title"=>"Reckless", "artist"=>"Avery Wilson", "time"=>"3:14"}}
  [1m[36mTRANSACTION (7.2ms)[0m  [1m[35mBEGIN[0m
  ↳ app/controllers/songs_controller.rb:20:in `create'
  [1m[36mSong Create (1.6ms)[0m  [1m[32mINSERT INTO "songs" ("title", "artist", "time", "created_at", "updated_at") VALUES ($1, $2, $3, $4, $5) RETURNING "id"[0m  [["title", "Reckless"], ["artist", "Avery Wilson"], ["time", "3:14"], ["created_at", "2021-02-26 17:37:20.707931"], ["updated_at", "2021-02-26 17:37:20.707931"]]
  ↳ app/controllers/songs_controller.rb:20:in `create'
  [1m[36mTRANSACTION (5.6ms)[0m  [1m[35mCOMMIT[0m
  ↳ app/controllers/songs_controller.rb:20:in `create'
Completed 201 Created in 26ms (Views: 0.9ms | ActiveRecord: 14.4ms | Allocations: 1811)


Started GET "//songs" for ::1 at 2021-02-26 11:37:20 -0600
Processing by SongsController#index as */*
  [1m[36mSong Load (0.6ms)[0m  [1m[34mSELECT "songs".* FROM "songs"[0m
  ↳ app/controllers/songs_controller.rb:8:in `index'
Completed 200 OK in 4ms (Views: 3.5ms | ActiveRecord: 0.6ms | Allocations: 809)


Started PUT "//songs/2" for ::1 at 2021-02-26 11:43:21 -0600
Processing by SongsController#update as */*
  Parameters: {"id"=>"2", "title"=>"Sunflower", "artist"=>"Post Malone", "time"=>"2:40", "created_at"=>"2021-02-26T17:32:23.394Z", "updated_at"=>"2021-02-26T17:32:23.394Z", "song"=>{"id"=>"2", "title"=>"Sunflower", "artist"=>"Post Malone", "time"=>"2:40", "created_at"=>"2021-02-26T17:32:23.394Z", "updated_at"=>"2021-02-26T17:32:23.394Z"}}
  [1m[36mSong Load (1.1ms)[0m  [1m[34mSELECT "songs".* FROM "songs" WHERE "songs"."id" = $1 LIMIT $2[0m  [["id", 2], ["LIMIT", 1]]
  ↳ app/controllers/songs_controller.rb:44:in `set_song'
[31mUnpermitted parameters: :id, :created_at, :updated_at[0m
  [1m[36mTRANSACTION (0.2ms)[0m  [1m[35mBEGIN[0m
  ↳ app/controllers/songs_controller.rb:29:in `update'
  [1m[36mSong Update (3.0ms)[0m  [1m[33mUPDATE "songs" SET "time" = $1, "updated_at" = $2 WHERE "songs"."id" = $3[0m  [["time", "2:40"], ["updated_at", "2021-02-26 17:43:21.512438"], ["id", 2]]
  ↳ app/controllers/songs_controller.rb:29:in `update'
  [1m[36mTRANSACTION (0.8ms)[0m  [1m[35mCOMMIT[0m
  ↳ app/controllers/songs_controller.rb:29:in `update'
Completed 200 OK in 68ms (Views: 0.6ms | ActiveRecord: 23.5ms | Allocations: 4360)


Started GET "//songs" for ::1 at 2021-02-26 11:43:21 -0600
Processing by SongsController#index as */*
  [1m[36mSong Load (0.6ms)[0m  [1m[34mSELECT "songs".* FROM "songs"[0m
  ↳ app/controllers/songs_controller.rb:8:in `index'
Completed 200 OK in 4ms (Views: 3.2ms | ActiveRecord: 0.6ms | Allocations: 809)


Started GET "/songs" for ::1 at 2021-02-26 12:12:27 -0600
  [1m[35m (2.1ms)[0m  [1m[34mSELECT "schema_migrations"."version" FROM "schema_migrations" ORDER BY "schema_migrations"."version" ASC[0m
Processing by SongsController#index as HTML
  [1m[36mSong Load (1.4ms)[0m  [1m[34mSELECT "songs".* FROM "songs"[0m
  ↳ app/controllers/songs_controller.rb:8:in `index'
Completed 200 OK in 48ms (Views: 16.8ms | ActiveRecord: 15.9ms | Allocations: 6424)


Started GET "/songs" for ::1 at 2021-02-26 12:12:29 -0600
Processing by SongsController#index as HTML
  [1m[36mSong Load (0.6ms)[0m  [1m[34mSELECT "songs".* FROM "songs"[0m
  ↳ app/controllers/songs_controller.rb:8:in `index'
Completed 200 OK in 5ms (Views: 3.5ms | ActiveRecord: 0.6ms | Allocations: 826)


